2022-05-21 15:25:13.961 [SpringContextShutdownHook] INFO 
                o.s.scheduling.concurrent.ThreadPoolTaskExecutor - Shutting down ExecutorService 'applicationTaskExecutor'
2022-05-21 15:25:13.963 [SpringContextShutdownHook] INFO 
                com.zaxxer.hikari.HikariDataSource - HikariPool-1 - Shutdown initiated...
2022-05-21 15:25:13.967 [SpringContextShutdownHook] INFO 
                com.zaxxer.hikari.HikariDataSource - HikariPool-1 - Shutdown completed.
2022-05-21 15:25:27.855 [main] INFO 
                com.luobin.demo.edu.EduApplication - Starting EduApplication on MacBook-Pro.local with PID 40691 (/Users/yimeng/Documents/programming/guli/guli_parent/service/service-edu/target/classes started by yimeng in /Users/yimeng/Documents/programming/guli/guli_parent)
2022-05-21 15:25:27.856 [main] INFO 
                com.luobin.demo.edu.EduApplication - The following profiles are active: dev
2022-05-21 15:25:28.267 [main] INFO 
                o.s.d.r.config.RepositoryConfigurationDelegate - Multiple Spring Data modules found, entering strict repository configuration mode!
2022-05-21 15:25:28.269 [main] INFO 
                o.s.d.r.config.RepositoryConfigurationDelegate - Bootstrapping Spring Data repositories in DEFAULT mode.
2022-05-21 15:25:28.279 [main] INFO 
                o.s.d.r.config.RepositoryConfigurationDelegate - Finished Spring Data repository scanning in 3ms. Found 0 repository interfaces.
2022-05-21 15:25:28.403 [main] INFO 
                o.s.c.s.PostProcessorRegistrationDelegate$BeanPostProcessorChecker - Bean 'org.springframework.transaction.annotation.ProxyTransactionManagementConfiguration' of type [org.springframework.transaction.annotation.ProxyTransactionManagementConfiguration] is not eligible for getting processed by all BeanPostProcessors (for example: not eligible for auto-proxying)
2022-05-21 15:25:28.515 [main] INFO 
                o.s.boot.web.embedded.tomcat.TomcatWebServer - Tomcat initialized with port(s): 8001 (http)
2022-05-21 15:25:28.519 [main] INFO 
                org.apache.coyote.http11.Http11NioProtocol - Initializing ProtocolHandler ["http-nio-8001"]
2022-05-21 15:25:28.519 [main] INFO 
                org.apache.catalina.core.StandardService - Starting service [Tomcat]
2022-05-21 15:25:28.519 [main] INFO 
                org.apache.catalina.core.StandardEngine - Starting Servlet engine: [Apache Tomcat/9.0.27]
2022-05-21 15:25:28.561 [main] INFO 
                o.a.c.core.ContainerBase.[Tomcat].[localhost].[/] - Initializing Spring embedded WebApplicationContext
2022-05-21 15:25:28.561 [main] INFO 
                org.springframework.web.context.ContextLoader - Root WebApplicationContext: initialization completed in 682 ms
2022-05-21 15:25:28.645 [main] INFO 
                com.zaxxer.hikari.HikariDataSource - HikariPool-1 - Starting...
2022-05-21 15:25:28.853 [main] INFO 
                com.zaxxer.hikari.HikariDataSource - HikariPool-1 - Start completed.
2022-05-21 15:25:29.058 [main] INFO 
                s.d.s.w.PropertySourcedRequestMappingHandlerMapping - Mapped URL path [/v2/api-docs] onto method [springfox.documentation.swagger2.web.Swagger2Controller#getDocumentation(String, HttpServletRequest)]
2022-05-21 15:25:29.108 [main] INFO 
                o.s.scheduling.concurrent.ThreadPoolTaskExecutor - Initializing ExecutorService 'applicationTaskExecutor'
2022-05-21 15:25:29.324 [main] INFO 
                s.d.s.web.plugins.DocumentationPluginsBootstrapper - Context refreshed
2022-05-21 15:25:29.331 [main] INFO 
                s.d.s.web.plugins.DocumentationPluginsBootstrapper - Found 1 custom documentation plugin(s)
2022-05-21 15:25:29.344 [main] INFO 
                s.d.spring.web.scanners.ApiListingReferenceScanner - Scanning for api listing references
2022-05-21 15:25:29.418 [main] INFO 
                org.apache.coyote.http11.Http11NioProtocol - Starting ProtocolHandler ["http-nio-8001"]
2022-05-21 15:25:29.432 [main] INFO 
                o.s.boot.web.embedded.tomcat.TomcatWebServer - Tomcat started on port(s): 8001 (http) with context path ''
2022-05-21 15:25:29.433 [main] INFO 
                com.luobin.demo.edu.EduApplication - Started EduApplication in 1.823 seconds (JVM running for 2.191)
2022-05-21 15:26:02.404 [http-nio-8001-exec-1] INFO 
                o.a.c.core.ContainerBase.[Tomcat].[localhost].[/] - Initializing Spring DispatcherServlet 'dispatcherServlet'
2022-05-21 15:26:02.404 [http-nio-8001-exec-1] INFO 
                org.springframework.web.servlet.DispatcherServlet - Initializing Servlet 'dispatcherServlet'
2022-05-21 15:26:02.408 [http-nio-8001-exec-1] INFO 
                org.springframework.web.servlet.DispatcherServlet - Completed initialization in 3 ms
2022-05-21 16:04:05.915 [SpringContextShutdownHook] INFO 
                o.s.scheduling.concurrent.ThreadPoolTaskExecutor - Shutting down ExecutorService 'applicationTaskExecutor'
2022-05-21 16:04:05.921 [SpringContextShutdownHook] INFO 
                com.zaxxer.hikari.HikariDataSource - HikariPool-1 - Shutdown initiated...
2022-05-21 16:04:05.939 [SpringContextShutdownHook] INFO 
                com.zaxxer.hikari.HikariDataSource - HikariPool-1 - Shutdown completed.
2022-05-21 16:04:44.603 [main] INFO 
                com.luobin.demo.edu.EduApplication - Starting EduApplication on MacBook-Pro.local with PID 41323 (/Users/yimeng/Documents/programming/guli/guli_parent/service/service-edu/target/classes started by yimeng in /Users/yimeng/Documents/programming/guli/guli_parent)
2022-05-21 16:04:44.604 [main] INFO 
                com.luobin.demo.edu.EduApplication - The following profiles are active: dev
2022-05-21 16:04:45.009 [main] INFO 
                o.s.d.r.config.RepositoryConfigurationDelegate - Multiple Spring Data modules found, entering strict repository configuration mode!
2022-05-21 16:04:45.011 [main] INFO 
                o.s.d.r.config.RepositoryConfigurationDelegate - Bootstrapping Spring Data repositories in DEFAULT mode.
2022-05-21 16:04:45.021 [main] INFO 
                o.s.d.r.config.RepositoryConfigurationDelegate - Finished Spring Data repository scanning in 4ms. Found 0 repository interfaces.
2022-05-21 16:04:45.152 [main] INFO 
                o.s.c.s.PostProcessorRegistrationDelegate$BeanPostProcessorChecker - Bean 'org.springframework.transaction.annotation.ProxyTransactionManagementConfiguration' of type [org.springframework.transaction.annotation.ProxyTransactionManagementConfiguration] is not eligible for getting processed by all BeanPostProcessors (for example: not eligible for auto-proxying)
2022-05-21 16:04:45.263 [main] INFO 
                o.s.boot.web.embedded.tomcat.TomcatWebServer - Tomcat initialized with port(s): 8001 (http)
2022-05-21 16:04:45.267 [main] INFO 
                org.apache.coyote.http11.Http11NioProtocol - Initializing ProtocolHandler ["http-nio-8001"]
2022-05-21 16:04:45.268 [main] INFO 
                org.apache.catalina.core.StandardService - Starting service [Tomcat]
2022-05-21 16:04:45.268 [main] INFO 
                org.apache.catalina.core.StandardEngine - Starting Servlet engine: [Apache Tomcat/9.0.27]
2022-05-21 16:04:45.304 [main] INFO 
                o.a.c.core.ContainerBase.[Tomcat].[localhost].[/] - Initializing Spring embedded WebApplicationContext
2022-05-21 16:04:45.304 [main] INFO 
                org.springframework.web.context.ContextLoader - Root WebApplicationContext: initialization completed in 678 ms
2022-05-21 16:04:45.396 [main] INFO 
                com.zaxxer.hikari.HikariDataSource - HikariPool-1 - Starting...
2022-05-21 16:04:45.598 [main] INFO 
                com.zaxxer.hikari.HikariDataSource - HikariPool-1 - Start completed.
2022-05-21 16:04:45.815 [main] INFO 
                s.d.s.w.PropertySourcedRequestMappingHandlerMapping - Mapped URL path [/v2/api-docs] onto method [springfox.documentation.swagger2.web.Swagger2Controller#getDocumentation(String, HttpServletRequest)]
2022-05-21 16:04:45.868 [main] INFO 
                o.s.scheduling.concurrent.ThreadPoolTaskExecutor - Initializing ExecutorService 'applicationTaskExecutor'
2022-05-21 16:04:46.100 [main] INFO 
                s.d.s.web.plugins.DocumentationPluginsBootstrapper - Context refreshed
2022-05-21 16:04:46.107 [main] INFO 
                s.d.s.web.plugins.DocumentationPluginsBootstrapper - Found 1 custom documentation plugin(s)
2022-05-21 16:04:46.121 [main] INFO 
                s.d.spring.web.scanners.ApiListingReferenceScanner - Scanning for api listing references
2022-05-21 16:04:46.201 [main] INFO 
                org.apache.coyote.http11.Http11NioProtocol - Starting ProtocolHandler ["http-nio-8001"]
2022-05-21 16:04:46.216 [main] INFO 
                o.s.boot.web.embedded.tomcat.TomcatWebServer - Tomcat started on port(s): 8001 (http) with context path ''
2022-05-21 16:04:46.217 [main] INFO 
                com.luobin.demo.edu.EduApplication - Started EduApplication in 1.85 seconds (JVM running for 2.369)
2022-05-21 16:04:51.463 [http-nio-8001-exec-1] INFO 
                o.a.c.core.ContainerBase.[Tomcat].[localhost].[/] - Initializing Spring DispatcherServlet 'dispatcherServlet'
2022-05-21 16:04:51.463 [http-nio-8001-exec-1] INFO 
                org.springframework.web.servlet.DispatcherServlet - Initializing Servlet 'dispatcherServlet'
2022-05-21 16:04:51.467 [http-nio-8001-exec-1] INFO 
                org.springframework.web.servlet.DispatcherServlet - Completed initialization in 4 ms
2022-05-21 19:57:15.444 [SpringContextShutdownHook] INFO 
                o.s.scheduling.concurrent.ThreadPoolTaskExecutor - Shutting down ExecutorService 'applicationTaskExecutor'
2022-05-21 19:57:15.447 [SpringContextShutdownHook] INFO 
                com.zaxxer.hikari.HikariDataSource - HikariPool-1 - Shutdown initiated...
2022-05-21 19:57:15.461 [SpringContextShutdownHook] INFO 
                com.zaxxer.hikari.HikariDataSource - HikariPool-1 - Shutdown completed.
2022-05-21 19:57:19.922 [main] INFO 
                com.luobin.demo.edu.EduApplication - Starting EduApplication on MacBook-Pro.local with PID 43003 (/Users/yimeng/Documents/programming/guli/guli_parent/service/service-edu/target/classes started by yimeng in /Users/yimeng/Documents/programming/guli/guli_parent)
2022-05-21 19:57:19.924 [main] INFO 
                com.luobin.demo.edu.EduApplication - The following profiles are active: dev
2022-05-21 19:57:20.376 [main] INFO 
                o.s.d.r.config.RepositoryConfigurationDelegate - Multiple Spring Data modules found, entering strict repository configuration mode!
2022-05-21 19:57:20.377 [main] INFO 
                o.s.d.r.config.RepositoryConfigurationDelegate - Bootstrapping Spring Data repositories in DEFAULT mode.
2022-05-21 19:57:20.388 [main] INFO 
                o.s.d.r.config.RepositoryConfigurationDelegate - Finished Spring Data repository scanning in 4ms. Found 0 repository interfaces.
2022-05-21 19:57:20.521 [main] INFO 
                o.s.c.s.PostProcessorRegistrationDelegate$BeanPostProcessorChecker - Bean 'org.springframework.transaction.annotation.ProxyTransactionManagementConfiguration' of type [org.springframework.transaction.annotation.ProxyTransactionManagementConfiguration] is not eligible for getting processed by all BeanPostProcessors (for example: not eligible for auto-proxying)
2022-05-21 19:57:20.650 [main] INFO 
                o.s.boot.web.embedded.tomcat.TomcatWebServer - Tomcat initialized with port(s): 8001 (http)
2022-05-21 19:57:20.655 [main] INFO 
                org.apache.coyote.http11.Http11NioProtocol - Initializing ProtocolHandler ["http-nio-8001"]
2022-05-21 19:57:20.655 [main] INFO 
                org.apache.catalina.core.StandardService - Starting service [Tomcat]
2022-05-21 19:57:20.655 [main] INFO 
                org.apache.catalina.core.StandardEngine - Starting Servlet engine: [Apache Tomcat/9.0.27]
2022-05-21 19:57:20.692 [main] INFO 
                o.a.c.core.ContainerBase.[Tomcat].[localhost].[/] - Initializing Spring embedded WebApplicationContext
2022-05-21 19:57:20.692 [main] INFO 
                org.springframework.web.context.ContextLoader - Root WebApplicationContext: initialization completed in 746 ms
2022-05-21 19:57:20.785 [main] INFO 
                com.zaxxer.hikari.HikariDataSource - HikariPool-1 - Starting...
2022-05-21 19:57:20.991 [main] INFO 
                com.zaxxer.hikari.HikariDataSource - HikariPool-1 - Start completed.
2022-05-21 19:57:21.211 [main] INFO 
                s.d.s.w.PropertySourcedRequestMappingHandlerMapping - Mapped URL path [/v2/api-docs] onto method [springfox.documentation.swagger2.web.Swagger2Controller#getDocumentation(String, HttpServletRequest)]
2022-05-21 19:57:21.264 [main] INFO 
                o.s.scheduling.concurrent.ThreadPoolTaskExecutor - Initializing ExecutorService 'applicationTaskExecutor'
2022-05-21 19:57:21.521 [main] INFO 
                s.d.s.web.plugins.DocumentationPluginsBootstrapper - Context refreshed
2022-05-21 19:57:21.527 [main] INFO 
                s.d.s.web.plugins.DocumentationPluginsBootstrapper - Found 1 custom documentation plugin(s)
2022-05-21 19:57:21.541 [main] INFO 
                s.d.spring.web.scanners.ApiListingReferenceScanner - Scanning for api listing references
2022-05-21 19:57:21.644 [main] INFO 
                org.apache.coyote.http11.Http11NioProtocol - Starting ProtocolHandler ["http-nio-8001"]
2022-05-21 19:57:21.662 [main] INFO 
                o.s.boot.web.embedded.tomcat.TomcatWebServer - Tomcat started on port(s): 8001 (http) with context path ''
2022-05-21 19:57:21.664 [main] INFO 
                com.luobin.demo.edu.EduApplication - Started EduApplication in 2.005 seconds (JVM running for 2.525)
2022-05-21 19:57:27.609 [http-nio-8001-exec-1] INFO 
                o.a.c.core.ContainerBase.[Tomcat].[localhost].[/] - Initializing Spring DispatcherServlet 'dispatcherServlet'
2022-05-21 19:57:27.610 [http-nio-8001-exec-1] INFO 
                org.springframework.web.servlet.DispatcherServlet - Initializing Servlet 'dispatcherServlet'
2022-05-21 19:57:27.613 [http-nio-8001-exec-1] INFO 
                org.springframework.web.servlet.DispatcherServlet - Completed initialization in 3 ms
