2022-05-21 00:51:10.444 [HikariPool-1 housekeeper] WARN 
                com.zaxxer.hikari.pool.HikariPool - HikariPool-1 - Thread starvation or clock leap detected (housekeeper delta=1h5m32s583ms).
2022-05-21 02:03:58.107 [HikariPool-1 housekeeper] WARN 
                com.zaxxer.hikari.pool.HikariPool - HikariPool-1 - Thread starvation or clock leap detected (housekeeper delta=1h12m47s663ms).
2022-05-21 02:53:44.927 [HikariPool-1 housekeeper] WARN 
                com.zaxxer.hikari.pool.HikariPool - HikariPool-1 - Thread starvation or clock leap detected (housekeeper delta=49m46s820ms).
2022-05-21 03:26:03.349 [HikariPool-1 housekeeper] WARN 
                com.zaxxer.hikari.pool.HikariPool - HikariPool-1 - Thread starvation or clock leap detected (housekeeper delta=32m18s422ms).
2022-05-21 04:37:32.532 [HikariPool-1 housekeeper] WARN 
                com.zaxxer.hikari.pool.HikariPool - HikariPool-1 - Thread starvation or clock leap detected (housekeeper delta=1h11m29s183ms).
2022-05-21 05:42:17.627 [HikariPool-1 housekeeper] WARN 
                com.zaxxer.hikari.pool.HikariPool - HikariPool-1 - Thread starvation or clock leap detected (housekeeper delta=1h4m45s95ms).
2022-05-21 06:49:10.725 [HikariPool-1 housekeeper] WARN 
                com.zaxxer.hikari.pool.HikariPool - HikariPool-1 - Thread starvation or clock leap detected (housekeeper delta=1h6m53s98ms).
2022-05-21 08:13:05.049 [HikariPool-1 housekeeper] WARN 
                com.zaxxer.hikari.pool.HikariPool - HikariPool-1 - Thread starvation or clock leap detected (housekeeper delta=1h23m54s324ms).
2022-05-21 09:51:25.144 [HikariPool-1 housekeeper] WARN 
                com.zaxxer.hikari.pool.HikariPool - HikariPool-1 - Thread starvation or clock leap detected (housekeeper delta=1h38m20s94ms).
2022-05-21 10:31:49.705 [HikariPool-1 housekeeper] WARN 
                com.zaxxer.hikari.pool.HikariPool - HikariPool-1 - Thread starvation or clock leap detected (housekeeper delta=40m24s562ms).
2022-05-21 10:37:26.715 [HikariPool-1 housekeeper] WARN 
                com.zaxxer.hikari.pool.HikariPool - HikariPool-1 - Thread starvation or clock leap detected (housekeeper delta=3m36s987ms).
2022-05-21 11:22:56.941 [HikariPool-1 housekeeper] WARN 
                com.zaxxer.hikari.pool.HikariPool - HikariPool-1 - Retrograde clock change detected (housekeeper delta=29s849ms), soft-evicting connections from pool.
2022-05-21 12:37:22.347 [HikariPool-1 housekeeper] WARN 
                com.zaxxer.hikari.pool.HikariPool - HikariPool-1 - Thread starvation or clock leap detected (housekeeper delta=54s935ms).
2022-05-21 12:56:32.535 [HikariPool-1 housekeeper] WARN 
                com.zaxxer.hikari.pool.HikariPool - HikariPool-1 - Thread starvation or clock leap detected (housekeeper delta=17m10s163ms).
2022-05-21 13:24:50.776 [HikariPool-1 housekeeper] WARN 
                com.zaxxer.hikari.pool.HikariPool - HikariPool-1 - Thread starvation or clock leap detected (housekeeper delta=28m18s241ms).
2022-05-21 14:14:47.062 [HikariPool-1 housekeeper] WARN 
                com.zaxxer.hikari.pool.HikariPool - HikariPool-1 - Thread starvation or clock leap detected (housekeeper delta=49m56s286ms).
2022-05-21 14:48:07.865 [HikariPool-1 housekeeper] WARN 
                com.zaxxer.hikari.pool.HikariPool - HikariPool-1 - Thread starvation or clock leap detected (housekeeper delta=33m20s802ms).
2022-05-21 15:13:49.409 [HikariPool-1 housekeeper] WARN 
                com.zaxxer.hikari.pool.HikariPool - HikariPool-1 - Thread starvation or clock leap detected (housekeeper delta=25m41s545ms).
2022-05-21 15:24:04.261 [HikariPool-1 housekeeper] WARN 
                com.zaxxer.hikari.pool.HikariPool - HikariPool-1 - Thread starvation or clock leap detected (housekeeper delta=6m44s841ms).
2022-05-21 16:09:40.668 [HikariPool-1 housekeeper] WARN 
                com.zaxxer.hikari.pool.HikariPool - HikariPool-1 - Thread starvation or clock leap detected (housekeeper delta=54s937ms).
2022-05-21 16:27:02.291 [HikariPool-1 housekeeper] WARN 
                com.zaxxer.hikari.pool.HikariPool - HikariPool-1 - Thread starvation or clock leap detected (housekeeper delta=16m51s612ms).
2022-05-21 16:37:12.084 [HikariPool-1 housekeeper] WARN 
                com.zaxxer.hikari.pool.HikariPool - HikariPool-1 - Thread starvation or clock leap detected (housekeeper delta=10m9s793ms).
2022-05-21 16:38:37.039 [HikariPool-1 housekeeper] WARN 
                com.zaxxer.hikari.pool.HikariPool - HikariPool-1 - Thread starvation or clock leap detected (housekeeper delta=54s952ms).
2022-05-21 16:57:10.316 [HikariPool-1 housekeeper] WARN 
                com.zaxxer.hikari.pool.HikariPool - HikariPool-1 - Thread starvation or clock leap detected (housekeeper delta=18m3s253ms).
2022-05-21 17:02:09.081 [HikariPool-1 housekeeper] WARN 
                com.zaxxer.hikari.pool.HikariPool - HikariPool-1 - Thread starvation or clock leap detected (housekeeper delta=54s812ms).
2022-05-21 17:19:11.723 [HikariPool-1 housekeeper] WARN 
                com.zaxxer.hikari.pool.HikariPool - HikariPool-1 - Thread starvation or clock leap detected (housekeeper delta=16m32s633ms).
2022-05-21 17:36:27.120 [HikariPool-1 housekeeper] WARN 
                com.zaxxer.hikari.pool.HikariPool - HikariPool-1 - Thread starvation or clock leap detected (housekeeper delta=16m45s394ms).
2022-05-21 17:45:26.429 [HikariPool-1 housekeeper] WARN 
                com.zaxxer.hikari.pool.HikariPool - HikariPool-1 - Thread starvation or clock leap detected (housekeeper delta=8m59s309ms).
2022-05-21 20:57:05.886 [HikariPool-1 housekeeper] WARN 
                com.zaxxer.hikari.pool.HikariPool - HikariPool-1 - Thread starvation or clock leap detected (housekeeper delta=28m14s487ms).
2022-05-21 21:25:02.602 [HikariPool-1 housekeeper] WARN 
                com.zaxxer.hikari.pool.HikariPool - HikariPool-1 - Thread starvation or clock leap detected (housekeeper delta=27m56s717ms).
2022-05-21 21:42:39.903 [HikariPool-1 housekeeper] WARN 
                com.zaxxer.hikari.pool.HikariPool - HikariPool-1 - Thread starvation or clock leap detected (housekeeper delta=17m37s301ms).
2022-05-21 21:43:38.539 [HikariPool-1 housekeeper] WARN 
                com.zaxxer.hikari.pool.HikariPool - HikariPool-1 - Thread starvation or clock leap detected (housekeeper delta=58s636ms).
2022-05-21 21:48:04.933 [HikariPool-1 housekeeper] WARN 
                com.zaxxer.hikari.pool.HikariPool - HikariPool-1 - Thread starvation or clock leap detected (housekeeper delta=54s988ms).
2022-05-21 22:43:11.841 [HikariPool-1 housekeeper] WARN 
                com.zaxxer.hikari.pool.HikariPool - HikariPool-1 - Thread starvation or clock leap detected (housekeeper delta=55m6s908ms).
2022-05-21 23:01:24.749 [HikariPool-1 housekeeper] WARN 
                com.zaxxer.hikari.pool.HikariPool - HikariPool-1 - Thread starvation or clock leap detected (housekeeper delta=18m12s909ms).
