2022-05-23 00:05:23.085 [HikariPool-1 housekeeper] WARN 
                com.zaxxer.hikari.pool.HikariPool - HikariPool-1 - Thread starvation or clock leap detected (housekeeper delta=43m47s470ms).
2022-05-23 01:26:57.508 [HikariPool-1 housekeeper] WARN 
                com.zaxxer.hikari.pool.HikariPool - HikariPool-1 - Thread starvation or clock leap detected (housekeeper delta=1h21m34s413ms).
2022-05-23 02:01:10.012 [HikariPool-1 housekeeper] WARN 
                com.zaxxer.hikari.pool.HikariPool - HikariPool-1 - Thread starvation or clock leap detected (housekeeper delta=34m12s514ms).
2022-05-23 03:26:22.307 [HikariPool-1 housekeeper] WARN 
                com.zaxxer.hikari.pool.HikariPool - HikariPool-1 - Thread starvation or clock leap detected (housekeeper delta=1h25m12s295ms).
2022-05-23 05:06:53.004 [HikariPool-1 housekeeper] WARN 
                com.zaxxer.hikari.pool.HikariPool - HikariPool-1 - Thread starvation or clock leap detected (housekeeper delta=1h40m30s589ms).
2022-05-23 06:14:16.553 [HikariPool-1 housekeeper] WARN 
                com.zaxxer.hikari.pool.HikariPool - HikariPool-1 - Thread starvation or clock leap detected (housekeeper delta=1h7m23s657ms).
2022-05-23 07:12:49.246 [HikariPool-1 housekeeper] WARN 
                com.zaxxer.hikari.pool.HikariPool - HikariPool-1 - Thread starvation or clock leap detected (housekeeper delta=58m32s693ms).
2022-05-23 08:55:59.281 [HikariPool-1 housekeeper] WARN 
                com.zaxxer.hikari.pool.HikariPool - HikariPool-1 - Thread starvation or clock leap detected (housekeeper delta=1h43m10s35ms).
2022-05-23 09:58:00.027 [HikariPool-1 housekeeper] WARN 
                com.zaxxer.hikari.pool.HikariPool - HikariPool-1 - Thread starvation or clock leap detected (housekeeper delta=1h2m745ms).
2022-05-23 10:32:07.630 [HikariPool-1 housekeeper] WARN 
                com.zaxxer.hikari.pool.HikariPool - HikariPool-1 - Thread starvation or clock leap detected (housekeeper delta=34m7s604ms).
2022-05-23 10:39:40.095 [HikariPool-1 housekeeper] WARN 
                com.zaxxer.hikari.pool.HikariPool - HikariPool-1 - Thread starvation or clock leap detected (housekeeper delta=1m373ms).
2022-05-23 10:49:25.893 [HikariPool-1 housekeeper] WARN 
                com.zaxxer.hikari.pool.HikariPool - HikariPool-1 - Thread starvation or clock leap detected (housekeeper delta=6m45s773ms).
2022-05-23 12:11:26.279 [HikariPool-1 housekeeper] WARN 
                com.zaxxer.hikari.pool.HikariPool - HikariPool-1 - Retrograde clock change detected (housekeeper delta=29s859ms), soft-evicting connections from pool.
2022-05-23 12:34:21.146 [HikariPool-1 housekeeper] WARN 
                com.zaxxer.hikari.pool.HikariPool - HikariPool-1 - Thread starvation or clock leap detected (housekeeper delta=54s760ms).
2022-05-23 12:47:47.556 [HikariPool-1 housekeeper] WARN 
                com.zaxxer.hikari.pool.HikariPool - HikariPool-1 - Thread starvation or clock leap detected (housekeeper delta=12m56s392ms).
2022-05-23 12:48:50.839 [HikariPool-1 housekeeper] WARN 
                com.zaxxer.hikari.pool.HikariPool - HikariPool-1 - Thread starvation or clock leap detected (housekeeper delta=1m3s282ms).
2022-05-23 13:34:15.048 [HikariPool-1 housekeeper] WARN 
                com.zaxxer.hikari.pool.HikariPool - HikariPool-1 - Thread starvation or clock leap detected (housekeeper delta=26m54s86ms).
2022-05-23 14:22:12.902 [HikariPool-1 housekeeper] WARN 
                com.zaxxer.hikari.pool.HikariPool - HikariPool-1 - Thread starvation or clock leap detected (housekeeper delta=47m57s855ms).
2022-05-23 15:06:10.921 [HikariPool-1 housekeeper] WARN 
                com.zaxxer.hikari.pool.HikariPool - HikariPool-1 - Thread starvation or clock leap detected (housekeeper delta=43m58s19ms).
2022-05-23 15:22:10.119 [HikariPool-1 housekeeper] WARN 
                com.zaxxer.hikari.pool.HikariPool - HikariPool-1 - Thread starvation or clock leap detected (housekeeper delta=15m59s198ms).
2022-05-23 15:25:09.034 [HikariPool-1 housekeeper] WARN 
                com.zaxxer.hikari.pool.HikariPool - HikariPool-1 - Thread starvation or clock leap detected (housekeeper delta=2m58s915ms).
2022-05-23 16:28:09.967 [HikariPool-1 housekeeper] WARN 
                com.zaxxer.hikari.pool.HikariPool - HikariPool-1 - Retrograde clock change detected (housekeeper delta=29s861ms), soft-evicting connections from pool.
2022-05-23 16:32:35.519 [HikariPool-1 housekeeper] WARN 
                com.zaxxer.hikari.pool.HikariPool - HikariPool-1 - Thread starvation or clock leap detected (housekeeper delta=2m52s371ms).
2022-05-23 16:39:28.192 [HikariPool-1 housekeeper] WARN 
                com.zaxxer.hikari.pool.HikariPool - HikariPool-1 - Thread starvation or clock leap detected (housekeeper delta=6m52s673ms).
2022-05-23 16:52:04.064 [HikariPool-1 housekeeper] WARN 
                com.zaxxer.hikari.pool.HikariPool - HikariPool-1 - Thread starvation or clock leap detected (housekeeper delta=12m5s847ms).
2022-05-23 17:13:31.519 [HikariPool-1 housekeeper] WARN 
                com.zaxxer.hikari.pool.HikariPool - HikariPool-1 - Thread starvation or clock leap detected (housekeeper delta=17m27s388ms).
2022-05-23 17:26:37.891 [HikariPool-1 housekeeper] WARN 
                com.zaxxer.hikari.pool.HikariPool - HikariPool-1 - Thread starvation or clock leap detected (housekeeper delta=12m36s360ms).
2022-05-23 17:28:11.221 [HikariPool-1 housekeeper] WARN 
                com.zaxxer.hikari.pool.HikariPool - HikariPool-1 - Thread starvation or clock leap detected (housekeeper delta=1m33s329ms).
2022-05-23 17:30:48.992 [HikariPool-1 housekeeper] WARN 
                com.zaxxer.hikari.pool.HikariPool - HikariPool-1 - Thread starvation or clock leap detected (housekeeper delta=1m7s758ms).
2022-05-23 17:55:23.264 [HikariPool-1 housekeeper] WARN 
                com.zaxxer.hikari.pool.HikariPool - HikariPool-1 - Thread starvation or clock leap detected (housekeeper delta=18m3s184ms).
2022-05-23 17:59:33.593 [HikariPool-1 housekeeper] WARN 
                com.zaxxer.hikari.pool.HikariPool - HikariPool-1 - Thread starvation or clock leap detected (housekeeper delta=3m40s314ms).
2022-05-23 18:12:35.983 [HikariPool-1 housekeeper] WARN 
                com.zaxxer.hikari.pool.HikariPool - HikariPool-1 - Thread starvation or clock leap detected (housekeeper delta=6m32s343ms).
2022-05-23 20:37:57.875 [HikariPool-1 housekeeper] WARN 
                com.zaxxer.hikari.pool.HikariPool - HikariPool-1 - Thread starvation or clock leap detected (housekeeper delta=22m42s889ms).
2022-05-23 21:38:16.791 [HikariPool-1 housekeeper] WARN 
                com.zaxxer.hikari.pool.HikariPool - HikariPool-1 - Thread starvation or clock leap detected (housekeeper delta=24m48s690ms).
2022-05-23 22:45:48.438 [HikariPool-1 housekeeper] WARN 
                com.zaxxer.hikari.pool.HikariPool - HikariPool-1 - Thread starvation or clock leap detected (housekeeper delta=1h7m31s648ms).
2022-05-23 22:58:13.994 [HikariPool-1 housekeeper] WARN 
                com.zaxxer.hikari.pool.HikariPool - HikariPool-1 - Thread starvation or clock leap detected (housekeeper delta=12m25s556ms).
2022-05-23 23:28:42.443 [HikariPool-1 housekeeper] WARN 
                com.zaxxer.hikari.pool.HikariPool - HikariPool-1 - Thread starvation or clock leap detected (housekeeper delta=23m58s413ms).
